  LibraryProject.cpp
C:\cplusplus\LibraryProject\LibraryProject.cpp(158,17): warning C4551: function call missing argument list
C:\cplusplus\LibraryProject\LibraryProject.cpp(171,17): warning C4551: function call missing argument list
C:\cplusplus\LibraryProject\LibraryProject.cpp(182,17): warning C4551: function call missing argument list
C:\cplusplus\LibraryProject\LibraryProject.cpp(190,13): warning C4551: function call missing argument list
C:\cplusplus\LibraryProject\LibraryProject.cpp(142,22): warning C4101: 'rtn': unreferenced local variable
  Books.cpp
  Students.cpp
  Stuffs.cpp
  Users.cpp
C:\cplusplus\LibraryProject\Users.cpp(139,10): warning C4930: 'Users u_temp(void)': prototyped function not called (was a variable definition intended?)
  Generating Code...
C:\cplusplus\LibraryProject\Books.cpp(100): warning C4715: 'Books::getStatus': not all control paths return a value
LibraryProject.obj : error LNK2019: unresolved external symbol "public: __thiscall Json::Value::~Value(void)" (??1Value@Json@@QAE@XZ) referenced in function "public: __thiscall Books::~Books(void)" (??1Books@@QAE@XZ)
Books.obj : error LNK2001: unresolved external symbol "public: __thiscall Json::Value::~Value(void)" (??1Value@Json@@QAE@XZ)
Students.obj : error LNK2001: unresolved external symbol "public: __thiscall Json::Value::~Value(void)" (??1Value@Json@@QAE@XZ)
Users.obj : error LNK2001: unresolved external symbol "public: __thiscall Json::Value::~Value(void)" (??1Value@Json@@QAE@XZ)
LibraryProject.obj : error LNK2001: unresolved external symbol "class Students Stu" (?Stu@@3VStudents@@A)
Books.obj : error LNK2019: unresolved external symbol "public: __thiscall Json::Value::Value(enum Json::ValueType)" (??0Value@Json@@QAE@W4ValueType@1@@Z) referenced in function "public: __thiscall Books::Books(class std::basic_string<char,struct std::char_traits<char>,class std::allocator<char> >,class std::basic_string<char,struct std::char_traits<char>,class std::allocator<char> >,class std::basic_string<char,struct std::char_traits<char>,class std::allocator<char> >,class std::basic_string<char,struct std::char_traits<char>,class std::allocator<char> >,class std::basic_string<char,struct std::char_traits<char>,class std::allocator<char> >,int)" (??0Books@@QAE@V?$basic_string@DU?$char_traits@D@std@@V?$allocator@D@2@@std@@0000H@Z)
Users.obj : error LNK2001: unresolved external symbol "public: __thiscall Json::Value::Value(enum Json::ValueType)" (??0Value@Json@@QAE@W4ValueType@1@@Z)
Books.obj : error LNK2019: unresolved external symbol "public: __thiscall Json::Value::Value(int)" (??0Value@Json@@QAE@H@Z) referenced in function "public: void __thiscall Books::addBook(class std::basic_string<char,struct std::char_traits<char>,class std::allocator<char> >,class std::basic_string<char,struct std::char_traits<char>,class std::allocator<char> >,class std::basic_string<char,struct std::char_traits<char>,class std::allocator<char> >,int)" (?addBook@Books@@QAEXV?$basic_string@DU?$char_traits@D@std@@V?$allocator@D@2@@std@@00H@Z)
Users.obj : error LNK2001: unresolved external symbol "public: __thiscall Json::Value::Value(int)" (??0Value@Json@@QAE@H@Z)
Books.obj : error LNK2019: unresolved external symbol "public: __thiscall Json::Value::Value(class std::basic_string<char,struct std::char_traits<char>,class std::allocator<char> > const &)" (??0Value@Json@@QAE@ABV?$basic_string@DU?$char_traits@D@std@@V?$allocator@D@2@@std@@@Z) referenced in function "public: void __thiscall Books::addBook(class std::basic_string<char,struct std::char_traits<char>,class std::allocator<char> >,class std::basic_string<char,struct std::char_traits<char>,class std::allocator<char> >,class std::basic_string<char,struct std::char_traits<char>,class std::allocator<char> >,int)" (?addBook@Books@@QAEXV?$basic_string@DU?$char_traits@D@std@@V?$allocator@D@2@@std@@00H@Z)
Books.obj : error LNK2019: unresolved external symbol "public: class Json::Value & __thiscall Json::Value::operator=(class Json::Value const &)" (??4Value@Json@@QAEAAV01@ABV01@@Z) referenced in function "public: void __thiscall Books::addBook(class std::basic_string<char,struct std::char_traits<char>,class std::allocator<char> >,class std::basic_string<char,struct std::char_traits<char>,class std::allocator<char> >,class std::basic_string<char,struct std::char_traits<char>,class std::allocator<char> >,int)" (?addBook@Books@@QAEXV?$basic_string@DU?$char_traits@D@std@@V?$allocator@D@2@@std@@00H@Z)
Users.obj : error LNK2001: unresolved external symbol "public: class Json::Value & __thiscall Json::Value::operator=(class Json::Value const &)" (??4Value@Json@@QAEAAV01@ABV01@@Z)
Books.obj : error LNK2019: unresolved external symbol "public: class std::basic_string<char,struct std::char_traits<char>,class std::allocator<char> > __thiscall Json::Value::asString(void)const " (?asString@Value@Json@@QBE?AV?$basic_string@DU?$char_traits@D@std@@V?$allocator@D@2@@std@@XZ) referenced in function "public: void __thiscall Books::findBook(int,class std::basic_string<char,struct std::char_traits<char>,class std::allocator<char> >)" (?findBook@Books@@QAEXHV?$basic_string@DU?$char_traits@D@std@@V?$allocator@D@2@@std@@@Z)
Students.obj : error LNK2001: unresolved external symbol "public: class std::basic_string<char,struct std::char_traits<char>,class std::allocator<char> > __thiscall Json::Value::asString(void)const " (?asString@Value@Json@@QBE?AV?$basic_string@DU?$char_traits@D@std@@V?$allocator@D@2@@std@@XZ)
Users.obj : error LNK2001: unresolved external symbol "public: class std::basic_string<char,struct std::char_traits<char>,class std::allocator<char> > __thiscall Json::Value::asString(void)const " (?asString@Value@Json@@QBE?AV?$basic_string@DU?$char_traits@D@std@@V?$allocator@D@2@@std@@XZ)
Books.obj : error LNK2019: unresolved external symbol "public: int __thiscall Json::Value::asInt(void)const " (?asInt@Value@Json@@QBEHXZ) referenced in function "public: void __thiscall Books::findBook(int,class std::basic_string<char,struct std::char_traits<char>,class std::allocator<char> >)" (?findBook@Books@@QAEXHV?$basic_string@DU?$char_traits@D@std@@V?$allocator@D@2@@std@@@Z)
Users.obj : error LNK2001: unresolved external symbol "public: int __thiscall Json::Value::asInt(void)const " (?asInt@Value@Json@@QBEHXZ)
Books.obj : error LNK2019: unresolved external symbol "public: unsigned int __thiscall Json::Value::size(void)const " (?size@Value@Json@@QBEIXZ) referenced in function "public: void __thiscall Books::findBook(int,class std::basic_string<char,struct std::char_traits<char>,class std::allocator<char> >)" (?findBook@Books@@QAEXHV?$basic_string@DU?$char_traits@D@std@@V?$allocator@D@2@@std@@@Z)
Students.obj : error LNK2001: unresolved external symbol "public: unsigned int __thiscall Json::Value::size(void)const " (?size@Value@Json@@QBEIXZ)
Users.obj : error LNK2001: unresolved external symbol "public: unsigned int __thiscall Json::Value::size(void)const " (?size@Value@Json@@QBEIXZ)
Books.obj : error LNK2019: unresolved external symbol "public: void __thiscall Json::Value::clear(void)" (?clear@Value@Json@@QAEXXZ) referenced in function "public: void __thiscall Books::addBook(class std::basic_string<char,struct std::char_traits<char>,class std::allocator<char> >,class std::basic_string<char,struct std::char_traits<char>,class std::allocator<char> >,class std::basic_string<char,struct std::char_traits<char>,class std::allocator<char> >,int)" (?addBook@Books@@QAEXV?$basic_string@DU?$char_traits@D@std@@V?$allocator@D@2@@std@@00H@Z)
Books.obj : error LNK2019: unresolved external symbol "public: class Json::Value & __thiscall Json::Value::operator[](unsigned int)" (??AValue@Json@@QAEAAV01@I@Z) referenced in function "public: void __thiscall Books::findBook(int,class std::basic_string<char,struct std::char_traits<char>,class std::allocator<char> >)" (?findBook@Books@@QAEXHV?$basic_string@DU?$char_traits@D@std@@V?$allocator@D@2@@std@@@Z)
Students.obj : error LNK2001: unresolved external symbol "public: class Json::Value & __thiscall Json::Value::operator[](unsigned int)" (??AValue@Json@@QAEAAV01@I@Z)
Users.obj : error LNK2001: unresolved external symbol "public: class Json::Value & __thiscall Json::Value::operator[](unsigned int)" (??AValue@Json@@QAEAAV01@I@Z)
Books.obj : error LNK2019: unresolved external symbol "public: class Json::Value & __thiscall Json::Value::append(class Json::Value const &)" (?append@Value@Json@@QAEAAV12@ABV12@@Z) referenced in function "public: void __thiscall Books::addBook(class std::basic_string<char,struct std::char_traits<char>,class std::allocator<char> >,class std::basic_string<char,struct std::char_traits<char>,class std::allocator<char> >,class std::basic_string<char,struct std::char_traits<char>,class std::allocator<char> >,int)" (?addBook@Books@@QAEXV?$basic_string@DU?$char_traits@D@std@@V?$allocator@D@2@@std@@00H@Z)
Books.obj : error LNK2019: unresolved external symbol "public: class Json::Value & __thiscall Json::Value::operator[](char const *)" (??AValue@Json@@QAEAAV01@PBD@Z) referenced in function "public: void __thiscall Books::addBook(class std::basic_string<char,struct std::char_traits<char>,class std::allocator<char> >,class std::basic_string<char,struct std::char_traits<char>,class std::allocator<char> >,class std::basic_string<char,struct std::char_traits<char>,class std::allocator<char> >,int)" (?addBook@Books@@QAEXV?$basic_string@DU?$char_traits@D@std@@V?$allocator@D@2@@std@@00H@Z)
Students.obj : error LNK2001: unresolved external symbol "public: class Json::Value & __thiscall Json::Value::operator[](char const *)" (??AValue@Json@@QAEAAV01@PBD@Z)
Users.obj : error LNK2001: unresolved external symbol "public: class Json::Value & __thiscall Json::Value::operator[](char const *)" (??AValue@Json@@QAEAAV01@PBD@Z)
Books.obj : error LNK2019: unresolved external symbol "public: class std::basic_string<char,struct std::char_traits<char>,class std::allocator<char> > __thiscall Json::Value::toStyledString(void)const " (?toStyledString@Value@Json@@QBE?AV?$basic_string@DU?$char_traits@D@std@@V?$allocator@D@2@@std@@XZ) referenced in function "public: void __thiscall Books::writeFile(void)" (?writeFile@Books@@QAEXXZ)
Users.obj : error LNK2001: unresolved external symbol "public: class std::basic_string<char,struct std::char_traits<char>,class std::allocator<char> > __thiscall Json::Value::toStyledString(void)const " (?toStyledString@Value@Json@@QBE?AV?$basic_string@DU?$char_traits@D@std@@V?$allocator@D@2@@std@@XZ)
Books.obj : error LNK2019: unresolved external symbol "public: __thiscall Json::Reader::Reader(void)" (??0Reader@Json@@QAE@XZ) referenced in function "public: __thiscall Books::Books(class std::basic_string<char,struct std::char_traits<char>,class std::allocator<char> >,class std::basic_string<char,struct std::char_traits<char>,class std::allocator<char> >,class std::basic_string<char,struct std::char_traits<char>,class std::allocator<char> >,class std::basic_string<char,struct std::char_traits<char>,class std::allocator<char> >,class std::basic_string<char,struct std::char_traits<char>,class std::allocator<char> >,int)" (??0Books@@QAE@V?$basic_string@DU?$char_traits@D@std@@V?$allocator@D@2@@std@@0000H@Z)
Users.obj : error LNK2001: unresolved external symbol "public: __thiscall Json::Reader::Reader(void)" (??0Reader@Json@@QAE@XZ)
Books.obj : error LNK2019: unresolved external symbol "public: bool __thiscall Json::Reader::parse(class std::basic_istream<char,struct std::char_traits<char> > &,class Json::Value &,bool)" (?parse@Reader@Json@@QAE_NAAV?$basic_istream@DU?$char_traits@D@std@@@std@@AAVValue@2@_N@Z) referenced in function "public: void __thiscall Books::findBook(int,class std::basic_string<char,struct std::char_traits<char>,class std::allocator<char> >)" (?findBook@Books@@QAEXHV?$basic_string@DU?$char_traits@D@std@@V?$allocator@D@2@@std@@@Z)
Users.obj : error LNK2001: unresolved external symbol "public: bool __thiscall Json::Reader::parse(class std::basic_istream<char,struct std::char_traits<char> > &,class Json::Value &,bool)" (?parse@Reader@Json@@QAE_NAAV?$basic_istream@DU?$char_traits@D@std@@@std@@AAVValue@2@_N@Z)
Users.obj : error LNK2019: unresolved external symbol "public: void __thiscall Json::Value::resize(unsigned int)" (?resize@Value@Json@@QAEXI@Z) referenced in function "public: void __thiscall Users::removeOldData(int)" (?removeOldData@Users@@QAEXH@Z)
C:\cplusplus\LibraryProject\Debug\LibraryProject.exe : fatal error LNK1120: 17 unresolved externals
